Logfile initialized
[INFO] logfile = D:\Yus\Project\Mobile Sales System\build.log
[DEBUG] C:\Users\abanesta\AppData\Roaming\Titanium\mobilesdk\win32\1.8.1\android\builder.py simulator Mobile Sales System C:\Program Files\Android\android-sdk D:\Yus\Project\Mobile Sales System com.jerbee.mss 5 Galaxy
[INFO] Building Mobile Sales System for Android ... one moment
[INFO] Titanium SDK version: 1.8.1 (01/27/12 17:31 a24502a)
[DEBUG] Waiting for device to be ready ...
[TRACE] adb devices returned 1 devices/emulators
[TRACE] adb devices returned 1 devices/emulators
[INFO] Launching application ... Mobile Sales System
[TRACE] adb devices returned 1 devices/emulators
[DEBUG] Device connected... (waited 10 seconds)
[DEBUG] waited 10.272000 seconds on emulator to get ready
[INFO] Waiting for the Android Emulator to become available
[TRACE] Launch output: Error type 2
android.util.AndroidException: Can't connect to activity manager; is the system running?

[INFO] Deployed Mobile Sales System ... Application should be running.
[DEBUG] com.jerbee.mss installed? True
[INFO] Fastdev server running, deploying in Fastdev mode
[INFO] Copying project resources..
[INFO] Detected tiapp.xml change (or assets deleted), forcing full re-build...
[TRACE] COPYING CREATED FILE: D:\Yus\Project\Mobile Sales System\Resources\additem.js => D:\Yus\Project\Mobile Sales System\build\android\bin\assets\Resources\additem.js
[TRACE] COPYING CREATED FILE: D:\Yus\Project\Mobile Sales System\Resources\additem2.js => D:\Yus\Project\Mobile Sales System\build\android\bin\assets\Resources\additem2.js
[TRACE] COPYING CREATED FILE: D:\Yus\Project\Mobile Sales System\Resources\android\appicon.png => D:\Yus\Project\Mobile Sales System\build\android\bin\assets\Resources\appicon.png
[TRACE] COPYING CREATED FILE: D:\Yus\Project\Mobile Sales System\Resources\android\default.png => D:\Yus\Project\Mobile Sales System\build\android\bin\assets\Resources\default.png
[TRACE] COPYING CREATED FILE: D:\Yus\Project\Mobile Sales System\Resources\app.js => D:\Yus\Project\Mobile Sales System\build\android\bin\assets\Resources\app.js
[TRACE] COPYING CREATED FILE: D:\Yus\Project\Mobile Sales System\Resources\delivery.js => D:\Yus\Project\Mobile Sales System\build\android\bin\assets\Resources\delivery.js
[TRACE] COPYING CREATED FILE: D:\Yus\Project\Mobile Sales System\Resources\detail.png => D:\Yus\Project\Mobile Sales System\build\android\bin\assets\Resources\detail.png
[TRACE] COPYING CREATED FILE: D:\Yus\Project\Mobile Sales System\Resources\order.png => D:\Yus\Project\Mobile Sales System\build\android\bin\assets\Resources\order.png
[TRACE] COPYING CREATED FILE: D:\Yus\Project\Mobile Sales System\Resources\promo.js => D:\Yus\Project\Mobile Sales System\build\android\bin\assets\Resources\promo.js
[TRACE] COPYING CREATED FILE: D:\Yus\Project\Mobile Sales System\Resources\purchase.js => D:\Yus\Project\Mobile Sales System\build\android\bin\assets\Resources\purchase.js
[TRACE] COPYING CREATED FILE: D:\Yus\Project\Mobile Sales System\Resources\purchasedetail.js => D:\Yus\Project\Mobile Sales System\build\android\bin\assets\Resources\purchasedetail.js
[TRACE] COPYING CREATED FILE: D:\Yus\Project\Mobile Sales System\Resources\purchaselist.js => D:\Yus\Project\Mobile Sales System\build\android\bin\assets\Resources\purchaselist.js
[TRACE] COPYING CREATED FILE: D:\Yus\Project\Mobile Sales System\Resources\routelist.js => D:\Yus\Project\Mobile Sales System\build\android\bin\assets\Resources\routelist.js
[TRACE] Generating Java Classes
[DEBUG] Processing Android resource drawables
[TRACE] COPYING FILE: D:\Yus\Project\Mobile Sales System\Resources\android\images\res-long-land-hdpi\default.png => D:\Yus\Project\Mobile Sales System\build\android\res\drawable-long-land-hdpi\default_d44e27d97b.png
[TRACE] COPYING FILE: D:\Yus\Project\Mobile Sales System\Resources\android\images\res-long-land-ldpi\default.png => D:\Yus\Project\Mobile Sales System\build\android\res\drawable-long-land-ldpi\default_d44e27d97b.png
[TRACE] COPYING FILE: D:\Yus\Project\Mobile Sales System\Resources\android\images\res-long-port-hdpi\default.png => D:\Yus\Project\Mobile Sales System\build\android\res\drawable-long-port-hdpi\default_d44e27d97b.png
[TRACE] COPYING FILE: D:\Yus\Project\Mobile Sales System\Resources\android\images\res-long-port-ldpi\default.png => D:\Yus\Project\Mobile Sales System\build\android\res\drawable-long-port-ldpi\default_d44e27d97b.png
[TRACE] COPYING FILE: D:\Yus\Project\Mobile Sales System\Resources\android\images\res-notlong-land-hdpi\default.png => D:\Yus\Project\Mobile Sales System\build\android\res\drawable-notlong-land-hdpi\default_d44e27d97b.png
[TRACE] COPYING FILE: D:\Yus\Project\Mobile Sales System\Resources\android\images\res-notlong-land-ldpi\default.png => D:\Yus\Project\Mobile Sales System\build\android\res\drawable-notlong-land-ldpi\default_d44e27d97b.png
[TRACE] COPYING FILE: D:\Yus\Project\Mobile Sales System\Resources\android\images\res-notlong-land-mdpi\default.png => D:\Yus\Project\Mobile Sales System\build\android\res\drawable-notlong-land-mdpi\default_d44e27d97b.png
[TRACE] COPYING FILE: D:\Yus\Project\Mobile Sales System\Resources\android\images\res-notlong-port-hdpi\default.png => D:\Yus\Project\Mobile Sales System\build\android\res\drawable-notlong-port-hdpi\default_d44e27d97b.png
[TRACE] COPYING FILE: D:\Yus\Project\Mobile Sales System\Resources\android\images\res-notlong-port-ldpi\default.png => D:\Yus\Project\Mobile Sales System\build\android\res\drawable-notlong-port-ldpi\default_d44e27d97b.png
[TRACE] COPYING FILE: D:\Yus\Project\Mobile Sales System\Resources\android\images\res-notlong-port-mdpi\default.png => D:\Yus\Project\Mobile Sales System\build\android\res\drawable-notlong-port-mdpi\default_d44e27d97b.png
[DEBUG] app stylesheet => D:\Yus\Project\Mobile Sales System\build\android\gen\com\jerbee\mss\ApplicationStylesheet.java
[DEBUG] copying app icon: D:\Yus\Project\Mobile Sales System\build\android\bin\assets\Resources\appicon.png
[DEBUG] generating theme.xml
[DEBUG] found drawable-long-land-hdpi splash screen at D:\Yus\Project\Mobile Sales System\Resources\android\images\res-long-land-hdpi\default.png
[DEBUG] copying D:\Yus\Project\Mobile Sales System\Resources\android\images\res-long-land-hdpi\default.png splash screen to D:\Yus\Project\Mobile Sales System\build\android\res\drawable-long-land-hdpi\background.png
[DEBUG] found drawable-long-land-ldpi splash screen at D:\Yus\Project\Mobile Sales System\Resources\android\images\res-long-land-ldpi\default.png
[DEBUG] copying D:\Yus\Project\Mobile Sales System\Resources\android\images\res-long-land-ldpi\default.png splash screen to D:\Yus\Project\Mobile Sales System\build\android\res\drawable-long-land-ldpi\background.png
[DEBUG] found drawable-long-port-hdpi splash screen at D:\Yus\Project\Mobile Sales System\Resources\android\images\res-long-port-hdpi\default.png
[DEBUG] copying D:\Yus\Project\Mobile Sales System\Resources\android\images\res-long-port-hdpi\default.png splash screen to D:\Yus\Project\Mobile Sales System\build\android\res\drawable-long-port-hdpi\background.png
[DEBUG] found drawable-long-port-ldpi splash screen at D:\Yus\Project\Mobile Sales System\Resources\android\images\res-long-port-ldpi\default.png
[DEBUG] copying D:\Yus\Project\Mobile Sales System\Resources\android\images\res-long-port-ldpi\default.png splash screen to D:\Yus\Project\Mobile Sales System\build\android\res\drawable-long-port-ldpi\background.png
[DEBUG] found drawable-notlong-land-hdpi splash screen at D:\Yus\Project\Mobile Sales System\Resources\android\images\res-notlong-land-hdpi\default.png
[DEBUG] copying D:\Yus\Project\Mobile Sales System\Resources\android\images\res-notlong-land-hdpi\default.png splash screen to D:\Yus\Project\Mobile Sales System\build\android\res\drawable-notlong-land-hdpi\background.png
[DEBUG] found drawable-notlong-land-ldpi splash screen at D:\Yus\Project\Mobile Sales System\Resources\android\images\res-notlong-land-ldpi\default.png
[DEBUG] copying D:\Yus\Project\Mobile Sales System\Resources\android\images\res-notlong-land-ldpi\default.png splash screen to D:\Yus\Project\Mobile Sales System\build\android\res\drawable-notlong-land-ldpi\background.png
[DEBUG] found drawable-notlong-land-mdpi splash screen at D:\Yus\Project\Mobile Sales System\Resources\android\images\res-notlong-land-mdpi\default.png
[DEBUG] copying D:\Yus\Project\Mobile Sales System\Resources\android\images\res-notlong-land-mdpi\default.png splash screen to D:\Yus\Project\Mobile Sales System\build\android\res\drawable-notlong-land-mdpi\background.png
[DEBUG] found drawable-notlong-port-hdpi splash screen at D:\Yus\Project\Mobile Sales System\Resources\android\images\res-notlong-port-hdpi\default.png
[DEBUG] copying D:\Yus\Project\Mobile Sales System\Resources\android\images\res-notlong-port-hdpi\default.png splash screen to D:\Yus\Project\Mobile Sales System\build\android\res\drawable-notlong-port-hdpi\background.png
[DEBUG] found drawable-notlong-port-ldpi splash screen at D:\Yus\Project\Mobile Sales System\Resources\android\images\res-notlong-port-ldpi\default.png
[DEBUG] copying D:\Yus\Project\Mobile Sales System\Resources\android\images\res-notlong-port-ldpi\default.png splash screen to D:\Yus\Project\Mobile Sales System\build\android\res\drawable-notlong-port-ldpi\background.png
[DEBUG] found drawable-notlong-port-mdpi splash screen at D:\Yus\Project\Mobile Sales System\Resources\android\images\res-notlong-port-mdpi\default.png
[DEBUG] copying D:\Yus\Project\Mobile Sales System\Resources\android\images\res-notlong-port-mdpi\default.png splash screen to D:\Yus\Project\Mobile Sales System\build\android\res\drawable-notlong-port-mdpi\background.png
[DEBUG] found splash screen at D:\Yus\Project\Mobile Sales System\build\android\bin\assets\Resources\default.png
[TRACE] Writing out AndroidManifest.xml
[DEBUG] adding D:\Yus\Project\Mobile Sales System\build\android\gen\com\jerbee\mss\ApplicationStylesheet.java to javac build list
[DEBUG] adding D:\Yus\Project\Mobile Sales System\build\android\gen\com\jerbee\mss\MobileSalesSystemActivity.java to javac build list
[DEBUG] adding D:\Yus\Project\Mobile Sales System\build\android\gen\com\jerbee\mss\MobileSalesSystemAppInfo.java to javac build list
[DEBUG] adding D:\Yus\Project\Mobile Sales System\build\android\gen\com\jerbee\mss\MobileSalesSystemApplication.java to javac build list
[DEBUG] adding D:\Yus\Project\Mobile Sales System\build\android\gen\com\jerbee\mss\R.java to javac build list
[DEBUG] Building Java Sources: "D:\\Yus\\Project\\Mobile Sales System\\build\\android\\gen\\com\\jerbee\\mss\\ApplicationStylesheet.java" "D:\\Yus\\Project\\Mobile Sales System\\build\\android\\gen\\com\\jerbee\\mss\\MobileSalesSystemActivity.java" "D:\\Yus\\Project\\Mobile Sales System\\build\\android\\gen\\com\\jerbee\\mss\\MobileSalesSystemAppInfo.java" "D:\\Yus\\Project\\Mobile Sales System\\build\\android\\gen\\com\\jerbee\\mss\\MobileSalesSystemApplication.java" "D:\\Yus\\Project\\Mobile Sales System\\build\\android\\gen\\com\\jerbee\\mss\\R.java"
[INFO] Waiting for SDCard to become available..
[ERROR] Timed out waiting for SDCard to become available (60s)
[INFO] Compiling Android Resources... This could take some time
[DEBUG] Android classes.dex built
[DEBUG] creating unsigned apk: D:\Yus\Project\Mobile Sales System\build\android\bin\app-unsigned.apk
[DEBUG] from resource zip => assets/Resources/additem.js
[DEBUG] from resource zip => assets/Resources/additem2.js
[DEBUG] from resource zip => assets/Resources/app.js
[DEBUG] from resource zip => assets/Resources/appicon.png
[DEBUG] from resource zip => assets/Resources/default.png
[DEBUG] from resource zip => assets/Resources/delivery.js
[DEBUG] from resource zip => assets/Resources/detail.png
[DEBUG] from resource zip => assets/Resources/order.png
[DEBUG] from resource zip => assets/Resources/promo.js
[DEBUG] from resource zip => assets/Resources/purchase.js
[DEBUG] from resource zip => assets/Resources/purchasedetail.js
[DEBUG] from resource zip => assets/Resources/purchaselist.js
[DEBUG] from resource zip => assets/Resources/routelist.js
[DEBUG] from resource zip => assets/app.json
[DEBUG] from resource zip => assets/index.json
[DEBUG] from resource zip => assets/tiapp.xml
[DEBUG] from resource zip => res/drawable/appicon.png
[DEBUG] from resource zip => res/drawable/background.png
[DEBUG] from resource zip => res/drawable/close.png
[DEBUG] from resource zip => res/drawable/facebook_login.png
[DEBUG] from resource zip => res/drawable/facebook_login_down.png
[DEBUG] from resource zip => res/drawable/facebook_login_wide.png
[DEBUG] from resource zip => res/drawable/facebook_login_wide_down.png
[DEBUG] from resource zip => res/drawable/facebook_logout.png
[DEBUG] from resource zip => res/drawable/facebook_logout_down.png
[DEBUG] from resource zip => res/layout/titanium_tabgroup.xml
[DEBUG] from resource zip => AndroidManifest.xml
[DEBUG] from resource zip => resources.arsc
[DEBUG] from resource zip => res/drawable-hdpi/close.png
[DEBUG] from resource zip => res/drawable-ldpi/close.png
[DEBUG] from resource zip => res/drawable-long-land-hdpi/background.png
[DEBUG] from resource zip => res/drawable-long-land-hdpi/default_d44e27d97b.png
[DEBUG] from resource zip => res/drawable-long-land-ldpi/background.png
[DEBUG] from resource zip => res/drawable-long-land-ldpi/default_d44e27d97b.png
[DEBUG] from resource zip => res/drawable-long-port-hdpi/background.png
[DEBUG] from resource zip => res/drawable-long-port-hdpi/default_d44e27d97b.png
[DEBUG] from resource zip => res/drawable-long-port-ldpi/background.png
[DEBUG] from resource zip => res/drawable-long-port-ldpi/default_d44e27d97b.png
[DEBUG] from resource zip => res/drawable-notlong-land-hdpi/background.png
[DEBUG] from resource zip => res/drawable-notlong-land-hdpi/default_d44e27d97b.png
[DEBUG] from resource zip => res/drawable-notlong-land-ldpi/background.png
[DEBUG] from resource zip => res/drawable-notlong-land-ldpi/default_d44e27d97b.png
[DEBUG] from resource zip => res/drawable-notlong-land-mdpi/background.png
[DEBUG] from resource zip => res/drawable-notlong-land-mdpi/default_d44e27d97b.png
[DEBUG] from resource zip => res/drawable-notlong-port-hdpi/background.png
[DEBUG] from resource zip => res/drawable-notlong-port-hdpi/default_d44e27d97b.png
[DEBUG] from resource zip => res/drawable-notlong-port-ldpi/background.png
[DEBUG] from resource zip => res/drawable-notlong-port-ldpi/default_d44e27d97b.png
[DEBUG] from resource zip => res/drawable-notlong-port-mdpi/background.png
[DEBUG] from resource zip => res/drawable-notlong-port-mdpi/default_d44e27d97b.png
[DEBUG] from JAR C:\Users\abanesta\AppData\Roaming\Titanium\mobilesdk\win32\1.8.1\android\thirdparty.jar => org/apache/Commons-NOTICE.txt
[DEBUG] from JAR C:\Users\abanesta\AppData\Roaming\Titanium\mobilesdk\win32\1.8.1\android\thirdparty.jar => org/apache/HttpComponents-NOTICE.txt
[DEBUG] from JAR C:\Users\abanesta\AppData\Roaming\Titanium\mobilesdk\win32\1.8.1\android\thirdparty.jar => org/apache/mime4j-NOTICE.txt
[DEBUG] from JAR C:\Users\abanesta\AppData\Roaming\Titanium\mobilesdk\win32\1.8.1\android\modules\titanium-facebook.jar => ti/modules/titanium/facebook/LICENSE
[DEBUG] from JAR C:\Users\abanesta\AppData\Roaming\Titanium\mobilesdk\win32\1.8.1\android\titanium.jar => org/appcelerator/titanium/build.properties
[DEBUG] from JAR C:\Users\abanesta\AppData\Roaming\Titanium\mobilesdk\win32\1.8.1\android\titanium.jar => org/appcelerator/titanium/res/drawable/background.png
[DEBUG] from JAR C:\Users\abanesta\AppData\Roaming\Titanium\mobilesdk\win32\1.8.1\android\titanium.jar => org/appcelerator/titanium/res/drawable/btn_check_buttonless_on.png
[DEBUG] from JAR C:\Users\abanesta\AppData\Roaming\Titanium\mobilesdk\win32\1.8.1\android\titanium.jar => org/appcelerator/titanium/res/drawable/btn_check_buttonless_on_18.png
[DEBUG] from JAR C:\Users\abanesta\AppData\Roaming\Titanium\mobilesdk\win32\1.8.1\android\titanium.jar => org/appcelerator/titanium/res/drawable/btn_check_buttonless_on_48.png
[DEBUG] from JAR C:\Users\abanesta\AppData\Roaming\Titanium\mobilesdk\win32\1.8.1\android\titanium.jar => org/appcelerator/titanium/res/drawable/btn_more.png
[DEBUG] from JAR C:\Users\abanesta\AppData\Roaming\Titanium\mobilesdk\win32\1.8.1\android\titanium.jar => org/appcelerator/titanium/res/drawable/btn_more_18.png
[DEBUG] from JAR C:\Users\abanesta\AppData\Roaming\Titanium\mobilesdk\win32\1.8.1\android\titanium.jar => org/appcelerator/titanium/res/drawable/btn_more_48.png
[DEBUG] from JAR C:\Users\abanesta\AppData\Roaming\Titanium\mobilesdk\win32\1.8.1\android\titanium.jar => org/appcelerator/titanium/res/drawable/btn_picker_normal.9.png
[DEBUG] from JAR C:\Users\abanesta\AppData\Roaming\Titanium\mobilesdk\win32\1.8.1\android\titanium.jar => org/appcelerator/titanium/res/drawable/btn_picker_pressed.9.png
[DEBUG] from JAR C:\Users\abanesta\AppData\Roaming\Titanium\mobilesdk\win32\1.8.1\android\titanium.jar => org/appcelerator/titanium/res/drawable/btn_picker_selected.9.png
[DEBUG] from JAR C:\Users\abanesta\AppData\Roaming\Titanium\mobilesdk\win32\1.8.1\android\titanium.jar => org/appcelerator/titanium/res/drawable/default_icon.png
[DEBUG] from JAR C:\Users\abanesta\AppData\Roaming\Titanium\mobilesdk\win32\1.8.1\android\titanium.jar => org/appcelerator/titanium/res/drawable/photoDefault.png
[DEBUG] from JAR C:\Users\abanesta\AppData\Roaming\Titanium\mobilesdk\win32\1.8.1\android\modules\titanium-ui.jar => ti/modules/titanium/ui/widget/webview/binding.js
[DEBUG] from JAR C:\Users\abanesta\AppData\Roaming\Titanium\mobilesdk\win32\1.8.1\android\modules\titanium-ui.jar => ti/modules/titanium/ui/widget/webview/binding.min.js
[DEBUG] from JAR C:\Users\abanesta\AppData\Roaming\Titanium\mobilesdk\win32\1.8.1\android\modules\titanium-ui.jar => ti/modules/titanium/ui/widget/webview/json2.js
[DEBUG] Waiting for device to be ready ...
[TRACE] adb devices returned 1 devices/emulators
[DEBUG] Device connected... (waited 0 seconds)
[DEBUG] waited 0.222000 seconds on emulator to get ready
[INFO] Installing application on emulator
[INFO] Launching application ... Mobile Sales System
[TRACE] Launch output: Starting: Intent { act=android.intent.action.MAIN cat=[android.intent.category.LAUNCHER] cmp=com.jerbee.mss/.MobileSalesSystemActivity }

[INFO] Deployed Mobile Sales System ... Application should be running.
